<?xml version="1.0" encoding="UTF-8"?>
<!-- Generated by org.testng.reporters.JUnitReportReporter -->
<testsuite hostname="DESKTOP-U9P23DR" name="CounterWebApp.CounterWebApp.AppTest" tests="1" failures="0" timestamp="17 Mar 2017 16:22:53 GMT" time="42.758" errors="0">
  <testcase name="verifylaunchpage" time="42.758" classname="CounterWebApp.CounterWebApp.AppTest"/>
</testsuite> <!-- CounterWebApp.CounterWebApp.AppTest -->
